<?xml version="1.0" encoding="UTF-8"?>
<testsuite xmlns:xsi="http://www.w3.org/2001/XMLSchema-instance" xsi:noNamespaceSchemaLocation="https://maven.apache.org/surefire/maven-surefire-plugin/xsd/surefire-test-report.xsd" name="mine.learn.jsp007.AppTest" time="0.914" tests="1" errors="0" skipped="0" failures="0">
  <properties>
    <property name="sun.desktop" value="windows"/>
    <property name="awt.toolkit" value="sun.awt.windows.WToolkit"/>
    <property name="java.specification.version" value="11"/>
    <property name="sun.cpu.isalist" value="amd64"/>
    <property name="sun.jnu.encoding" value="GBK"/>
    <property name="java.class.path" value="C:\Users\Rxy\Documents\MYCODE\JAVA\Web\web_jsp\target\test-classes;C:\Users\Rxy\Documents\MYCODE\JAVA\Web\web_jsp\target\classes;C:\Users\Rxy\.m2\repository\junit\junit\4.11\junit-4.11.jar;C:\Users\Rxy\.m2\repository\org\hamcrest\hamcrest-core\1.3\hamcrest-core-1.3.jar;C:\Users\Rxy\.m2\repository\org\apache\tomcat\tomcat-catalina\9.0.30\tomcat-catalina-9.0.30.jar;C:\Users\Rxy\.m2\repository\org\apache\tomcat\tomcat-servlet-api\9.0.30\tomcat-servlet-api-9.0.30.jar;C:\Users\Rxy\.m2\repository\org\apache\tomcat\tomcat-jsp-api\9.0.30\tomcat-jsp-api-9.0.30.jar;C:\Users\Rxy\.m2\repository\org\apache\tomcat\tomcat-el-api\9.0.30\tomcat-el-api-9.0.30.jar;C:\Users\Rxy\.m2\repository\org\apache\tomcat\tomcat-juli\9.0.30\tomcat-juli-9.0.30.jar;C:\Users\Rxy\.m2\repository\org\apache\tomcat\tomcat-annotations-api\9.0.30\tomcat-annotations-api-9.0.30.jar;C:\Users\Rxy\.m2\repository\org\apache\tomcat\tomcat-api\9.0.30\tomcat-api-9.0.30.jar;C:\Users\Rxy\.m2\repository\org\apache\tomcat\tomcat-jni\9.0.30\tomcat-jni-9.0.30.jar;C:\Users\Rxy\.m2\repository\org\apache\tomcat\tomcat-coyote\9.0.30\tomcat-coyote-9.0.30.jar;C:\Users\Rxy\.m2\repository\org\apache\tomcat\tomcat-util\9.0.30\tomcat-util-9.0.30.jar;C:\Users\Rxy\.m2\repository\org\apache\tomcat\tomcat-util-scan\9.0.30\tomcat-util-scan-9.0.30.jar;C:\Users\Rxy\.m2\repository\org\apache\tomcat\tomcat-jaspic-api\9.0.30\tomcat-jaspic-api-9.0.30.jar;C:\Users\Rxy\.m2\repository\mysql\mysql-connector-java\8.0.19\mysql-connector-java-8.0.19.jar;C:\Users\Rxy\.m2\repository\com\google\protobuf\protobuf-java\3.6.1\protobuf-java-3.6.1.jar;"/>
    <property name="java.vm.vendor" value="Oracle Corporation"/>
    <property name="sun.arch.data.model" value="64"/>
    <property name="user.variant" value=""/>
    <property name="java.vendor.url" value="http://java.oracle.com/"/>
    <property name="user.timezone" value="Asia/Shanghai"/>
    <property name="java.vm.specification.version" value="11"/>
    <property name="os.name" value="Windows 10"/>
    <property name="sun.java.launcher" value="SUN_STANDARD"/>
    <property name="user.country" value="CN"/>
    <property name="sun.boot.library.path" value="C:\Program Files\Java\jdk-11.0.3\bin"/>
    <property name="sun.java.command" value="C:\Users\Rxy\AppData\Local\Temp\surefire17489812302424788907\surefirebooter8396513840164687284.jar C:\Users\Rxy\AppData\Local\Temp\surefire17489812302424788907 2020-01-20T17-14-56_216-jvmRun1 surefire17370783316062137580tmp surefire_0751238878848661263tmp"/>
    <property name="jdk.debug" value="release"/>
    <property name="surefire.test.class.path" value="C:\Users\Rxy\Documents\MYCODE\JAVA\Web\web_jsp\target\test-classes;C:\Users\Rxy\Documents\MYCODE\JAVA\Web\web_jsp\target\classes;C:\Users\Rxy\.m2\repository\junit\junit\4.11\junit-4.11.jar;C:\Users\Rxy\.m2\repository\org\hamcrest\hamcrest-core\1.3\hamcrest-core-1.3.jar;C:\Users\Rxy\.m2\repository\org\apache\tomcat\tomcat-catalina\9.0.30\tomcat-catalina-9.0.30.jar;C:\Users\Rxy\.m2\repository\org\apache\tomcat\tomcat-servlet-api\9.0.30\tomcat-servlet-api-9.0.30.jar;C:\Users\Rxy\.m2\repository\org\apache\tomcat\tomcat-jsp-api\9.0.30\tomcat-jsp-api-9.0.30.jar;C:\Users\Rxy\.m2\repository\org\apache\tomcat\tomcat-el-api\9.0.30\tomcat-el-api-9.0.30.jar;C:\Users\Rxy\.m2\repository\org\apache\tomcat\tomcat-juli\9.0.30\tomcat-juli-9.0.30.jar;C:\Users\Rxy\.m2\repository\org\apache\tomcat\tomcat-annotations-api\9.0.30\tomcat-annotations-api-9.0.30.jar;C:\Users\Rxy\.m2\repository\org\apache\tomcat\tomcat-api\9.0.30\tomcat-api-9.0.30.jar;C:\Users\Rxy\.m2\repository\org\apache\tomcat\tomcat-jni\9.0.30\tomcat-jni-9.0.30.jar;C:\Users\Rxy\.m2\repository\org\apache\tomcat\tomcat-coyote\9.0.30\tomcat-coyote-9.0.30.jar;C:\Users\Rxy\.m2\repository\org\apache\tomcat\tomcat-util\9.0.30\tomcat-util-9.0.30.jar;C:\Users\Rxy\.m2\repository\org\apache\tomcat\tomcat-util-scan\9.0.30\tomcat-util-scan-9.0.30.jar;C:\Users\Rxy\.m2\repository\org\apache\tomcat\tomcat-jaspic-api\9.0.30\tomcat-jaspic-api-9.0.30.jar;C:\Users\Rxy\.m2\repository\mysql\mysql-connector-java\8.0.19\mysql-connector-java-8.0.19.jar;C:\Users\Rxy\.m2\repository\com\google\protobuf\protobuf-java\3.6.1\protobuf-java-3.6.1.jar;"/>
    <property name="sun.cpu.endian" value="little"/>
    <property name="user.home" value="C:\Users\Rxy"/>
    <property name="user.language" value="zh"/>
    <property name="java.specification.vendor" value="Oracle Corporation"/>
    <property name="java.version.date" value="2019-04-16"/>
    <property name="java.home" value="C:\Program Files\Java\jdk-11.0.3"/>
    <property name="file.separator" value="\"/>
    <property name="basedir" value="C:\Users\Rxy\Documents\MYCODE\JAVA\Web\web_jsp"/>
    <property name="java.vm.compressedOopsMode" value="32-bit"/>
    <property name="line.separator" value="&#10;"/>
    <property name="java.specification.name" value="Java Platform API Specification"/>
    <property name="java.vm.specification.vendor" value="Oracle Corporation"/>
    <property name="java.awt.graphicsenv" value="sun.awt.Win32GraphicsEnvironment"/>
    <property name="surefire.real.class.path" value="C:\Users\Rxy\AppData\Local\Temp\surefire17489812302424788907\surefirebooter8396513840164687284.jar"/>
    <property name="user.script" value=""/>
    <property name="sun.management.compiler" value="HotSpot 64-Bit Tiered Compilers"/>
    <property name="java.runtime.version" value="11.0.3+12-LTS"/>
    <property name="user.name" value="Rxy"/>
    <property name="path.separator" value=";"/>
    <property name="os.version" value="10.0"/>
    <property name="java.runtime.name" value="Java(TM) SE Runtime Environment"/>
    <property name="file.encoding" value="GBK"/>
    <property name="java.vm.name" value="Java HotSpot(TM) 64-Bit Server VM"/>
    <property name="java.vendor.version" value="18.9"/>
    <property name="localRepository" value="C:\Users\Rxy\.m2\repository"/>
    <property name="java.vendor.url.bug" value="http://bugreport.java.com/bugreport/"/>
    <property name="java.io.tmpdir" value="C:\Users\Rxy\AppData\Local\Temp\"/>
    <property name="java.version" value="11.0.3"/>
    <property name="user.dir" value="C:\Users\Rxy\Documents\MYCODE\JAVA\Web\web_jsp"/>
    <property name="os.arch" value="amd64"/>
    <property name="java.vm.specification.name" value="Java Virtual Machine Specification"/>
    <property name="java.awt.printerjob" value="sun.awt.windows.WPrinterJob"/>
    <property name="sun.os.patch.level" value=""/>
    <property name="java.library.path" value="C:\Program Files\Java\jdk-11.0.3\bin;C:\WINDOWS\Sun\Java\bin;C:\WINDOWS\system32;C:\WINDOWS;C:\WINDOWS\system32;C:\WINDOWS;C:\WINDOWS\System32\Wbem;C:\WINDOWS\System32\WindowsPowerShell\v1.0\;C:\Users\Rxy\Downloads\apache-maven-3.6.1\bin;C:\Program Files\Git\cmd;C:\Program Files\VSCode\bin;C:\Program Files\MATLAB\R2017a\runtime\win64;C:\Program Files\MATLAB\R2017a\bin;C:\Program Files\Java\jdk-11.0.3\bin;C:\texlive\2019\bin\win32;C:\Program Files\nodejs;C:\MinGW\bin;C:\Program Files\ideaIU\bin;C:\Program Files\apache-maven-3.6.1\bin;C:\Users\Rxy\AppData\Roaming\Python\Python37\Scripts;C:\Program Files\dotnet\;C:\Program Files\dotnet;C:\Program Files\MySQL\MySQL Server 8.0\bin;C:\Users\Rxy\AppData\Local\Programs\Python\Python37;C:\Users\Rxy\AppData\Local\Programs\Python\Python37\Scripts;C:\Program Files\Git\usr\bin;C:\Users\Rxy\AppData\Roaming\npm\node_modules\hexo-cli\bin;C:\Program Files\php;C:\Program Files\apache-tomcat-9.0.30\bin;C:\Program Files\MySQL\MySQL Shell 8.0\bin\;C:\Users\Rxy\AppData\Local\Pandoc\;."/>
    <property name="java.vendor" value="Oracle Corporation"/>
    <property name="java.vm.info" value="mixed mode"/>
    <property name="java.vm.version" value="11.0.3+12-LTS"/>
    <property name="sun.io.unicode.encoding" value="UnicodeLittle"/>
    <property name="java.class.version" value="55.0"/>
  </properties>
  <testcase name="shouldAnswerWithTrue" classname="mine.learn.jsp007.AppTest" time="0.001"/>
</testsuite>